2026-03-16 17:38:27.611  INFO 14848 --- [main] com.comic.SeedreamImageGenerationTest    : Starting SeedreamImageGenerationTest using Java 1.8.0_361 on C0cc with PID 14848 (started by 16602 in D:\Wiset\Wiset_Aivideo_Genetator\backend\com\comic)
2026-03-16 17:38:27.616 DEBUG 14848 --- [main] com.comic.SeedreamImageGenerationTest    : Running with Spring Boot v2.7.18, Spring v5.3.31
2026-03-16 17:38:27.616  INFO 14848 --- [main] com.comic.SeedreamImageGenerationTest    : No active profile set, falling back to 1 default profile: "default"
2026-03-16 17:38:29.300  INFO 14848 --- [main] com.zaxxer.hikari.HikariDataSource       : HikariPool-1 - Starting...
2026-03-16 17:38:29.393  INFO 14848 --- [main] com.zaxxer.hikari.HikariDataSource       : HikariPool-1 - Start completed.
2026-03-16 17:38:29.513  INFO 14848 --- [main] com.comic.config.AiServiceConfiguration  : =================================================
2026-03-16 17:38:29.513  INFO 14848 --- [main] com.comic.config.AiServiceConfiguration  : 🤖 文本生成服务配置
2026-03-16 17:38:29.513  INFO 14848 --- [main] com.comic.config.AiServiceConfiguration  : =================================================
2026-03-16 17:38:29.513  INFO 14848 --- [main] com.comic.config.AiServiceConfiguration  : 提供商: glm
2026-03-16 17:38:29.513  INFO 14848 --- [main] com.comic.config.AiServiceConfiguration  : ✅ 使用 GLM 进行文本生成（剧本、对话等）
2026-03-16 17:38:29.591  INFO 14848 --- [main] com.comic.config.AiServiceConfiguration  : =================================================
2026-03-16 17:38:29.597  INFO 14848 --- [main] com.comic.config.AiServiceConfiguration  : 🎨 图片生成服务配置
2026-03-16 17:38:29.597  INFO 14848 --- [main] com.comic.config.AiServiceConfiguration  : =================================================
2026-03-16 17:38:29.597  INFO 14848 --- [main] com.comic.config.AiServiceConfiguration  : 提供商: seedream
2026-03-16 17:38:29.597  INFO 14848 --- [main] com.comic.config.AiServiceConfiguration  : ✅ 使用 Seedream 进行图片生成（角色立绘、分镜图等）
2026-03-16 17:38:29.654  INFO 14848 --- [main] com.comic.service.job.JobQueueService    : 任务队列已启动，工作线程数: 3
2026-03-16 17:38:29.680  INFO 14848 --- [main] com.comic.config.AiServiceConfiguration  : =================================================
2026-03-16 17:38:29.680  INFO 14848 --- [main] com.comic.config.AiServiceConfiguration  : 🎬 视频生成服务配置
2026-03-16 17:38:29.680  INFO 14848 --- [main] com.comic.config.AiServiceConfiguration  : =================================================
2026-03-16 17:38:29.680  INFO 14848 --- [main] com.comic.config.AiServiceConfiguration  : 提供商: seedance
2026-03-16 17:38:29.680  INFO 14848 --- [main] com.comic.config.AiServiceConfiguration  : ✅ 使用 Seedance 进行视频生成（分镜视频等）
2026-03-16 17:38:29.759  INFO 14848 --- [main] o.s.s.web.DefaultSecurityFilterChain     : Will secure any request with [org.springframework.security.web.session.DisableEncodeUrlFilter@32507479, org.springframework.security.web.context.request.async.WebAsyncManagerIntegrationFilter@632383b9, org.springframework.security.web.context.SecurityContextPersistenceFilter@50211483, org.springframework.security.web.header.HeaderWriterFilter@224c7de4, org.springframework.web.filter.CorsFilter@4ae2e781, org.springframework.security.web.authentication.logout.LogoutFilter@740a0d5e, com.comic.security.JwtFilter@339f3a55, org.springframework.security.web.savedrequest.RequestCacheAwareFilter@1472208d, org.springframework.security.web.servletapi.SecurityContextHolderAwareRequestFilter@191c6e13, org.springframework.security.web.authentication.AnonymousAuthenticationFilter@2dd63e3, org.springframework.security.web.session.SessionManagementFilter@36f6e521, org.springframework.security.web.access.ExceptionTranslationFilter@7e52a26b, org.springframework.security.web.access.intercept.AuthorizationFilter@7aea704c]
2026-03-16 17:38:30.243  INFO 14848 --- [main] o.s.b.t.m.w.SpringBootMockServletContext : Initializing Spring TestDispatcherServlet ''
2026-03-16 17:38:30.243  INFO 14848 --- [main] o.s.t.web.servlet.TestDispatcherServlet  : Initializing Servlet ''
2026-03-16 17:38:30.244  INFO 14848 --- [main] o.s.t.web.servlet.TestDispatcherServlet  : Completed initialization in 1 ms
2026-03-16 17:38:30.259  INFO 14848 --- [main] com.comic.SeedreamImageGenerationTest    : Started SeedreamImageGenerationTest in 2.843 seconds (JVM running for 3.482)
2026-03-16 17:38:30.279  INFO 14848 --- [main] o.s.t.c.transaction.TransactionContext   : Began transaction (1) for test context [DefaultTestContext@7068e664 testClass = SeedreamImageGenerationTest, testInstance = com.comic.SeedreamImageGenerationTest@3b3056a6, testMethod = testSetupTestData@SeedreamImageGenerationTest, testException = [null], mergedContextConfiguration = [WebMergedContextConfiguration@60db1c0e testClass = SeedreamImageGenerationTest, locations = '{}', classes = '{class com.comic.ComicApplication}', contextInitializerClasses = '[]', activeProfiles = '{}', propertySourceLocations = '{}', propertySourceProperties = '{org.springframework.boot.test.context.SpringBootTestContextBootstrapper=true}', contextCustomizers = set[[ImportsContextCustomizer@3e78b6a5 key = [org.springframework.boot.test.autoconfigure.web.servlet.MockMvcWebDriverAutoConfiguration, org.springframework.boot.test.autoconfigure.web.servlet.MockMvcAutoConfiguration, org.springframework.boot.autoconfigure.security.oauth2.client.servlet.OAuth2ClientAutoConfiguration, org.springframework.boot.autoconfigure.security.servlet.SecurityAutoConfiguration, org.springframework.boot.autoconfigure.security.servlet.SecurityFilterAutoConfiguration, org.springframework.boot.autoconfigure.security.servlet.UserDetailsServiceAutoConfiguration, org.springframework.boot.autoconfigure.security.oauth2.resource.servlet.OAuth2ResourceServerAutoConfiguration, org.springframework.boot.test.autoconfigure.web.servlet.MockMvcSecurityConfiguration, org.springframework.boot.test.autoconfigure.web.servlet.MockMvcWebClientAutoConfiguration, org.springframework.boot.test.autoconfigure.web.reactive.WebTestClientAutoConfiguration]], org.springframework.boot.test.context.filter.ExcludeFilterContextCustomizer@2aceadd4, org.springframework.boot.test.json.DuplicateJsonObjectContextCustomizerFactory$DuplicateJsonObjectContextCustomizer@279fedbd, org.springframework.boot.test.mock.mockito.MockitoContextCustomizer@0, org.springframework.boot.test.web.client.TestRestTemplateContextCustomizer@23348b5d, org.springframework.boot.test.autoconfigure.actuate.metrics.MetricsExportContextCustomizerFactory$DisableMetricExportContextCustomizer@69453e37, org.springframework.boot.test.autoconfigure.properties.PropertyMappingContextCustomizer@4b3fa0b3, org.springframework.boot.test.autoconfigure.web.servlet.WebDriverContextCustomizerFactory$Customizer@1e66f1f5, org.springframework.boot.test.context.SpringBootTestArgs@1, org.springframework.boot.test.context.SpringBootTestWebEnvironment@42d80b78], resourceBasePath = 'src/main/webapp', contextLoader = 'org.springframework.boot.test.context.SpringBootContextLoader', parent = [null]], attributes = map['org.springframework.test.context.web.ServletTestExecutionListener.activateListener' -> true, 'org.springframework.test.context.web.ServletTestExecutionListener.populatedRequestContextHolder' -> true, 'org.springframework.test.context.web.ServletTestExecutionListener.resetRequestContextHolder' -> true, 'org.springframework.test.context.event.ApplicationEventsTestExecutionListener.recordApplicationEvents' -> false]]; transaction manager [org.springframework.jdbc.support.JdbcTransactionManager@6d4a05f7]; rollback [true]
2026-03-16 17:38:30.504  INFO 14848 --- [main] com.comic.SeedreamImageGenerationTest    : === 准备测试数据 ===
2026-03-16 17:38:30.504  INFO 14848 --- [main] com.comic.BaseTest                       : 执行测试用户登录...
2026-03-16 17:38:30.710  WARN 14848 --- [main] c.c.exception.GlobalExceptionHandler     : 运行时异常: 用户名或密码错误
2026-03-16 17:38:30.725  INFO 14848 --- [main] o.s.t.c.transaction.TransactionContext   : Rolled back transaction for test: [DefaultTestContext@7068e664 testClass = SeedreamImageGenerationTest, testInstance = com.comic.SeedreamImageGenerationTest@3b3056a6, testMethod = testSetupTestData@SeedreamImageGenerationTest, testException = java.lang.AssertionError: Status expected:<200> but was:<400>, mergedContextConfiguration = [WebMergedContextConfiguration@60db1c0e testClass = SeedreamImageGenerationTest, locations = '{}', classes = '{class com.comic.ComicApplication}', contextInitializerClasses = '[]', activeProfiles = '{}', propertySourceLocations = '{}', propertySourceProperties = '{org.springframework.boot.test.context.SpringBootTestContextBootstrapper=true}', contextCustomizers = set[[ImportsContextCustomizer@3e78b6a5 key = [org.springframework.boot.test.autoconfigure.web.servlet.MockMvcWebDriverAutoConfiguration, org.springframework.boot.test.autoconfigure.web.servlet.MockMvcAutoConfiguration, org.springframework.boot.autoconfigure.security.oauth2.client.servlet.OAuth2ClientAutoConfiguration, org.springframework.boot.autoconfigure.security.servlet.SecurityAutoConfiguration, org.springframework.boot.autoconfigure.security.servlet.SecurityFilterAutoConfiguration, org.springframework.boot.autoconfigure.security.servlet.UserDetailsServiceAutoConfiguration, org.springframework.boot.autoconfigure.security.oauth2.resource.servlet.OAuth2ResourceServerAutoConfiguration, org.springframework.boot.test.autoconfigure.web.servlet.MockMvcSecurityConfiguration, org.springframework.boot.test.autoconfigure.web.servlet.MockMvcWebClientAutoConfiguration, org.springframework.boot.test.autoconfigure.web.reactive.WebTestClientAutoConfiguration]], org.springframework.boot.test.context.filter.ExcludeFilterContextCustomizer@2aceadd4, org.springframework.boot.test.json.DuplicateJsonObjectContextCustomizerFactory$DuplicateJsonObjectContextCustomizer@279fedbd, org.springframework.boot.test.mock.mockito.MockitoContextCustomizer@0, org.springframework.boot.test.web.client.TestRestTemplateContextCustomizer@23348b5d, org.springframework.boot.test.autoconfigure.actuate.metrics.MetricsExportContextCustomizerFactory$DisableMetricExportContextCustomizer@69453e37, org.springframework.boot.test.autoconfigure.properties.PropertyMappingContextCustomizer@4b3fa0b3, org.springframework.boot.test.autoconfigure.web.servlet.WebDriverContextCustomizerFactory$Customizer@1e66f1f5, org.springframework.boot.test.context.SpringBootTestArgs@1, org.springframework.boot.test.context.SpringBootTestWebEnvironment@42d80b78], resourceBasePath = 'src/main/webapp', contextLoader = 'org.springframework.boot.test.context.SpringBootContextLoader', parent = [null]], attributes = map['org.springframework.test.context.web.ServletTestExecutionListener.activateListener' -> true, 'org.springframework.test.context.web.ServletTestExecutionListener.populatedRequestContextHolder' -> true, 'org.springframework.test.context.web.ServletTestExecutionListener.resetRequestContextHolder' -> true, 'org.springframework.test.context.event.ApplicationEventsTestExecutionListener.recordApplicationEvents' -> false]]
2026-03-16 17:38:30.735  INFO 14848 --- [SpringApplicationShutdownHook] com.zaxxer.hikari.HikariDataSource       : HikariPool-1 - Shutdown initiated...
2026-03-16 17:38:30.741  INFO 14848 --- [SpringApplicationShutdownHook] com.zaxxer.hikari.HikariDataSource       : HikariPool-1 - Shutdown completed.
2026-03-16 17:39:35.598  INFO 23004 --- [main] com.comic.SeedreamImageGenerationTest    : Starting SeedreamImageGenerationTest using Java 1.8.0_361 on C0cc with PID 23004 (started by 16602 in D:\Wiset\Wiset_Aivideo_Genetator\backend\com\comic)
2026-03-16 17:39:35.598 DEBUG 23004 --- [main] com.comic.SeedreamImageGenerationTest    : Running with Spring Boot v2.7.18, Spring v5.3.31
2026-03-16 17:39:35.598  INFO 23004 --- [main] com.comic.SeedreamImageGenerationTest    : No active profile set, falling back to 1 default profile: "default"
2026-03-16 17:39:37.289  INFO 23004 --- [main] com.zaxxer.hikari.HikariDataSource       : HikariPool-1 - Starting...
2026-03-16 17:39:37.378  INFO 23004 --- [main] com.zaxxer.hikari.HikariDataSource       : HikariPool-1 - Start completed.
2026-03-16 17:39:37.480  INFO 23004 --- [main] com.comic.config.AiServiceConfiguration  : =================================================
2026-03-16 17:39:37.480  INFO 23004 --- [main] com.comic.config.AiServiceConfiguration  : 🤖 文本生成服务配置
2026-03-16 17:39:37.480  INFO 23004 --- [main] com.comic.config.AiServiceConfiguration  : =================================================
2026-03-16 17:39:37.480  INFO 23004 --- [main] com.comic.config.AiServiceConfiguration  : 提供商: glm
2026-03-16 17:39:37.480  INFO 23004 --- [main] com.comic.config.AiServiceConfiguration  : ✅ 使用 GLM 进行文本生成（剧本、对话等）
2026-03-16 17:39:37.570  INFO 23004 --- [main] com.comic.config.AiServiceConfiguration  : =================================================
2026-03-16 17:39:37.570  INFO 23004 --- [main] com.comic.config.AiServiceConfiguration  : 🎨 图片生成服务配置
2026-03-16 17:39:37.570  INFO 23004 --- [main] com.comic.config.AiServiceConfiguration  : =================================================
2026-03-16 17:39:37.570  INFO 23004 --- [main] com.comic.config.AiServiceConfiguration  : 提供商: seedream
2026-03-16 17:39:37.570  INFO 23004 --- [main] com.comic.config.AiServiceConfiguration  : ✅ 使用 Seedream 进行图片生成（角色立绘、分镜图等）
2026-03-16 17:39:37.632  INFO 23004 --- [main] com.comic.service.job.JobQueueService    : 任务队列已启动，工作线程数: 3
2026-03-16 17:39:37.666  INFO 23004 --- [main] com.comic.config.AiServiceConfiguration  : =================================================
2026-03-16 17:39:37.666  INFO 23004 --- [main] com.comic.config.AiServiceConfiguration  : 🎬 视频生成服务配置
2026-03-16 17:39:37.666  INFO 23004 --- [main] com.comic.config.AiServiceConfiguration  : =================================================
2026-03-16 17:39:37.666  INFO 23004 --- [main] com.comic.config.AiServiceConfiguration  : 提供商: seedance
2026-03-16 17:39:37.666  INFO 23004 --- [main] com.comic.config.AiServiceConfiguration  : ✅ 使用 Seedance 进行视频生成（分镜视频等）
2026-03-16 17:39:37.739  INFO 23004 --- [main] o.s.s.web.DefaultSecurityFilterChain     : Will secure any request with [org.springframework.security.web.session.DisableEncodeUrlFilter@14b528b6, org.springframework.security.web.context.request.async.WebAsyncManagerIntegrationFilter@c412556, org.springframework.security.web.context.SecurityContextPersistenceFilter@7e52a26b, org.springframework.security.web.header.HeaderWriterFilter@4b87760e, org.springframework.web.filter.CorsFilter@6f930e0, org.springframework.security.web.authentication.logout.LogoutFilter@57bd6a8f, com.comic.security.JwtFilter@450f0235, org.springframework.security.web.savedrequest.RequestCacheAwareFilter@3f857e08, org.springframework.security.web.servletapi.SecurityContextHolderAwareRequestFilter@55846997, org.springframework.security.web.authentication.AnonymousAuthenticationFilter@78c262ba, org.springframework.security.web.session.SessionManagementFilter@586495f1, org.springframework.security.web.access.ExceptionTranslationFilter@a90e2c1, org.springframework.security.web.access.intercept.AuthorizationFilter@19827608]
2026-03-16 17:39:38.215  INFO 23004 --- [main] o.s.b.t.m.w.SpringBootMockServletContext : Initializing Spring TestDispatcherServlet ''
2026-03-16 17:39:38.215  INFO 23004 --- [main] o.s.t.web.servlet.TestDispatcherServlet  : Initializing Servlet ''
2026-03-16 17:39:38.220  INFO 23004 --- [main] o.s.t.web.servlet.TestDispatcherServlet  : Completed initialization in 5 ms
2026-03-16 17:39:38.231  INFO 23004 --- [main] com.comic.SeedreamImageGenerationTest    : Started SeedreamImageGenerationTest in 2.825 seconds (JVM running for 3.423)
2026-03-16 17:39:38.434  INFO 23004 --- [main] com.comic.SeedreamImageGenerationTest    : === 测试基础图片生成服务 ===
2026-03-16 17:39:38.437  INFO 23004 --- [main] com.comic.SeedreamImageGenerationTest    : 图片生成服务信息: serviceName=Seedream-Image, availableSlots=2
2026-03-16 17:39:38.448  INFO 23004 --- [SpringApplicationShutdownHook] com.zaxxer.hikari.HikariDataSource       : HikariPool-1 - Shutdown initiated...
2026-03-16 17:39:38.455  INFO 23004 --- [SpringApplicationShutdownHook] com.zaxxer.hikari.HikariDataSource       : HikariPool-1 - Shutdown completed.
2026-03-16 17:41:24.374  INFO 35096 --- [main] com.comic.SeedreamImageGenerationTest    : Starting SeedreamImageGenerationTest using Java 1.8.0_361 on C0cc with PID 35096 (started by 16602 in D:\Wiset\Wiset_Aivideo_Genetator\backend\com\comic)
2026-03-16 17:41:24.374 DEBUG 35096 --- [main] com.comic.SeedreamImageGenerationTest    : Running with Spring Boot v2.7.18, Spring v5.3.31
2026-03-16 17:41:24.374  INFO 35096 --- [main] com.comic.SeedreamImageGenerationTest    : No active profile set, falling back to 1 default profile: "default"
2026-03-16 17:41:26.101  INFO 35096 --- [main] com.zaxxer.hikari.HikariDataSource       : HikariPool-1 - Starting...
2026-03-16 17:41:26.193  INFO 35096 --- [main] com.zaxxer.hikari.HikariDataSource       : HikariPool-1 - Start completed.
2026-03-16 17:41:26.295  INFO 35096 --- [main] com.comic.config.AiServiceConfiguration  : =================================================
2026-03-16 17:41:26.295  INFO 35096 --- [main] com.comic.config.AiServiceConfiguration  : 🤖 文本生成服务配置
2026-03-16 17:41:26.295  INFO 35096 --- [main] com.comic.config.AiServiceConfiguration  : =================================================
2026-03-16 17:41:26.295  INFO 35096 --- [main] com.comic.config.AiServiceConfiguration  : 提供商: glm
2026-03-16 17:41:26.295  INFO 35096 --- [main] com.comic.config.AiServiceConfiguration  : ✅ 使用 GLM 进行文本生成（剧本、对话等）
2026-03-16 17:41:26.383  INFO 35096 --- [main] com.comic.config.AiServiceConfiguration  : =================================================
2026-03-16 17:41:26.383  INFO 35096 --- [main] com.comic.config.AiServiceConfiguration  : 🎨 图片生成服务配置
2026-03-16 17:41:26.383  INFO 35096 --- [main] com.comic.config.AiServiceConfiguration  : =================================================
2026-03-16 17:41:26.383  INFO 35096 --- [main] com.comic.config.AiServiceConfiguration  : 提供商: seedream
2026-03-16 17:41:26.383  INFO 35096 --- [main] com.comic.config.AiServiceConfiguration  : ✅ 使用 Seedream 进行图片生成（角色立绘、分镜图等）
2026-03-16 17:41:26.439  INFO 35096 --- [main] com.comic.service.job.JobQueueService    : 任务队列已启动，工作线程数: 3
2026-03-16 17:41:26.465  INFO 35096 --- [main] com.comic.config.AiServiceConfiguration  : =================================================
2026-03-16 17:41:26.465  INFO 35096 --- [main] com.comic.config.AiServiceConfiguration  : 🎬 视频生成服务配置
2026-03-16 17:41:26.465  INFO 35096 --- [main] com.comic.config.AiServiceConfiguration  : =================================================
2026-03-16 17:41:26.465  INFO 35096 --- [main] com.comic.config.AiServiceConfiguration  : 提供商: seedance
2026-03-16 17:41:26.465  INFO 35096 --- [main] com.comic.config.AiServiceConfiguration  : ✅ 使用 Seedance 进行视频生成（分镜视频等）
2026-03-16 17:41:26.539  INFO 35096 --- [main] o.s.s.web.DefaultSecurityFilterChain     : Will secure any request with [org.springframework.security.web.session.DisableEncodeUrlFilter@329dc214, org.springframework.security.web.context.request.async.WebAsyncManagerIntegrationFilter@fbe70d8, org.springframework.security.web.context.SecurityContextPersistenceFilter@36ad229b, org.springframework.security.web.header.HeaderWriterFilter@113f9078, org.springframework.web.filter.CorsFilter@64021427, org.springframework.security.web.authentication.logout.LogoutFilter@23444a36, com.comic.security.JwtFilter@7d2c345d, org.springframework.security.web.savedrequest.RequestCacheAwareFilter@805e72e, org.springframework.security.web.servletapi.SecurityContextHolderAwareRequestFilter@36f6e521, org.springframework.security.web.authentication.AnonymousAuthenticationFilter@217dc48e, org.springframework.security.web.session.SessionManagementFilter@6070775e, org.springframework.security.web.access.ExceptionTranslationFilter@be164d8, org.springframework.security.web.access.intercept.AuthorizationFilter@78c262ba]
2026-03-16 17:41:27.025  INFO 35096 --- [main] o.s.b.t.m.w.SpringBootMockServletContext : Initializing Spring TestDispatcherServlet ''
2026-03-16 17:41:27.025  INFO 35096 --- [main] o.s.t.web.servlet.TestDispatcherServlet  : Initializing Servlet ''
2026-03-16 17:41:27.025  INFO 35096 --- [main] o.s.t.web.servlet.TestDispatcherServlet  : Completed initialization in 0 ms
2026-03-16 17:41:27.043  INFO 35096 --- [main] com.comic.SeedreamImageGenerationTest    : Started SeedreamImageGenerationTest in 2.869 seconds (JVM running for 3.478)
2026-03-16 17:41:27.251  INFO 35096 --- [main] com.comic.SeedreamImageGenerationTest    : === 测试 Grid 模式一键生成 ===
2026-03-16 17:41:27.274 DEBUG 35096 --- [main] com.comic.security.JwtFilter             : Token 无效或已注销: /api/characters/null/generate-all
2026-03-16 17:41:27.300  INFO 35096 --- [SpringApplicationShutdownHook] com.zaxxer.hikari.HikariDataSource       : HikariPool-1 - Shutdown initiated...
2026-03-16 17:41:27.304  INFO 35096 --- [SpringApplicationShutdownHook] com.zaxxer.hikari.HikariDataSource       : HikariPool-1 - Shutdown completed.
2026-03-16 17:41:54.849  INFO 12608 --- [main] com.comic.SeedreamImageGenerationTest    : Starting SeedreamImageGenerationTest using Java 1.8.0_361 on C0cc with PID 12608 (started by 16602 in D:\Wiset\Wiset_Aivideo_Genetator\backend\com\comic)
2026-03-16 17:41:54.849 DEBUG 12608 --- [main] com.comic.SeedreamImageGenerationTest    : Running with Spring Boot v2.7.18, Spring v5.3.31
2026-03-16 17:41:54.849  INFO 12608 --- [main] com.comic.SeedreamImageGenerationTest    : No active profile set, falling back to 1 default profile: "default"
2026-03-16 17:41:56.514  INFO 12608 --- [main] com.zaxxer.hikari.HikariDataSource       : HikariPool-1 - Starting...
2026-03-16 17:41:56.602  INFO 12608 --- [main] com.zaxxer.hikari.HikariDataSource       : HikariPool-1 - Start completed.
2026-03-16 17:41:56.705  INFO 12608 --- [main] com.comic.config.AiServiceConfiguration  : =================================================
2026-03-16 17:41:56.705  INFO 12608 --- [main] com.comic.config.AiServiceConfiguration  : 🤖 文本生成服务配置
2026-03-16 17:41:56.705  INFO 12608 --- [main] com.comic.config.AiServiceConfiguration  : =================================================
2026-03-16 17:41:56.705  INFO 12608 --- [main] com.comic.config.AiServiceConfiguration  : 提供商: glm
2026-03-16 17:41:56.705  INFO 12608 --- [main] com.comic.config.AiServiceConfiguration  : ✅ 使用 GLM 进行文本生成（剧本、对话等）
2026-03-16 17:41:56.790  INFO 12608 --- [main] com.comic.config.AiServiceConfiguration  : =================================================
2026-03-16 17:41:56.790  INFO 12608 --- [main] com.comic.config.AiServiceConfiguration  : 🎨 图片生成服务配置
2026-03-16 17:41:56.790  INFO 12608 --- [main] com.comic.config.AiServiceConfiguration  : =================================================
2026-03-16 17:41:56.790  INFO 12608 --- [main] com.comic.config.AiServiceConfiguration  : 提供商: seedream
2026-03-16 17:41:56.790  INFO 12608 --- [main] com.comic.config.AiServiceConfiguration  : ✅ 使用 Seedream 进行图片生成（角色立绘、分镜图等）
2026-03-16 17:41:56.851  INFO 12608 --- [main] com.comic.service.job.JobQueueService    : 任务队列已启动，工作线程数: 3
2026-03-16 17:41:56.874  INFO 12608 --- [main] com.comic.config.AiServiceConfiguration  : =================================================
2026-03-16 17:41:56.874  INFO 12608 --- [main] com.comic.config.AiServiceConfiguration  : 🎬 视频生成服务配置
2026-03-16 17:41:56.874  INFO 12608 --- [main] com.comic.config.AiServiceConfiguration  : =================================================
2026-03-16 17:41:56.874  INFO 12608 --- [main] com.comic.config.AiServiceConfiguration  : 提供商: seedance
2026-03-16 17:41:56.874  INFO 12608 --- [main] com.comic.config.AiServiceConfiguration  : ✅ 使用 Seedance 进行视频生成（分镜视频等）
2026-03-16 17:41:56.948  INFO 12608 --- [main] o.s.s.web.DefaultSecurityFilterChain     : Will secure any request with [org.springframework.security.web.session.DisableEncodeUrlFilter@78c262ba, org.springframework.security.web.context.request.async.WebAsyncManagerIntegrationFilter@7d2c9361, org.springframework.security.web.context.SecurityContextPersistenceFilter@b5ac0c1, org.springframework.security.web.header.HeaderWriterFilter@2d313c8c, org.springframework.web.filter.CorsFilter@329dc214, org.springframework.security.web.authentication.logout.LogoutFilter@4b195203, com.comic.security.JwtFilter@fbe70d8, org.springframework.security.web.savedrequest.RequestCacheAwareFilter@36ad229b, org.springframework.security.web.servletapi.SecurityContextHolderAwareRequestFilter@60bf494c, org.springframework.security.web.authentication.AnonymousAuthenticationFilter@64021427, org.springframework.security.web.session.SessionManagementFilter@2e56b4d, org.springframework.security.web.access.ExceptionTranslationFilter@268c030f, org.springframework.security.web.access.intercept.AuthorizationFilter@6f930e0]
2026-03-16 17:41:57.436  INFO 12608 --- [main] o.s.b.t.m.w.SpringBootMockServletContext : Initializing Spring TestDispatcherServlet ''
2026-03-16 17:41:57.436  INFO 12608 --- [main] o.s.t.web.servlet.TestDispatcherServlet  : Initializing Servlet ''
2026-03-16 17:41:57.436  INFO 12608 --- [main] o.s.t.web.servlet.TestDispatcherServlet  : Completed initialization in 0 ms
2026-03-16 17:41:57.447  INFO 12608 --- [main] com.comic.SeedreamImageGenerationTest    : Started SeedreamImageGenerationTest in 2.803 seconds (JVM running for 3.426)
2026-03-16 17:41:57.662  INFO 12608 --- [main] com.comic.SeedreamImageGenerationTest    : === 测试 Grid 模式一键生成 ===
2026-03-16 17:41:57.687 DEBUG 12608 --- [main] com.comic.security.JwtFilter             : Token 无效或已注销: /api/characters/null/generate-all
2026-03-16 17:41:57.714  INFO 12608 --- [SpringApplicationShutdownHook] com.zaxxer.hikari.HikariDataSource       : HikariPool-1 - Shutdown initiated...
2026-03-16 17:41:57.717  INFO 12608 --- [SpringApplicationShutdownHook] com.zaxxer.hikari.HikariDataSource       : HikariPool-1 - Shutdown completed.
